17:26:07 **** Incremental Build of configuration Debug for project ADalwadi_FinalProject ****
make -j20 all 
arm-none-eabi-gcc "../Core/Src/Tetris_Logic.c" -mcpu=cortex-m4 -std=gnu11 -g3 -DDEBUG -DUSE_HAL_DRIVER -DSTM32F429xx -c -I../Core/Inc -I../Drivers/STM32F4xx_HAL_Driver/Inc -I../Drivers/STM32F4xx_HAL_Driver/Inc/Legacy -I../Drivers/CMSIS/Device/ST/STM32F4xx/Include -I../Drivers/CMSIS/Include -O0 -ffunction-sections -fdata-sections -Wall -fstack-usage -fcyclomatic-complexity -MMD -MP -MF"Core/Src/Tetris_Logic.d" -MT"Core/Src/Tetris_Logic.o" --specs=nano.specs -mfpu=fpv4-sp-d16 -mfloat-abi=hard -mthumb -o "Core/Src/Tetris_Logic.o"
arm-none-eabi-gcc -o "ADalwadi_FinalProject.elf" @"objects.list"   -mcpu=cortex-m4 -T"C:\Users\Arjun\OneDrive - UCB-O365\AY 2024-2025\Fall 2024\ECEN 2370\ECEN2370-FinalProject\ADalwadi_FinalProject\STM32F429ZITX_FLASH.ld" --specs=nosys.specs -Wl,-Map="ADalwadi_FinalProject.map" -Wl,--gc-sections -static --specs=nano.specs -mfpu=fpv4-sp-d16 -mfloat-abi=hard -mthumb -Wl,--start-group -lc -lm -Wl,--end-group
Finished building target: ADalwadi_FinalProject.elf
 
arm-none-eabi-size  ADalwadi_FinalProject.elf 
arm-none-eabi-objdump -h -S ADalwadi_FinalProject.elf  > "ADalwadi_FinalProject.list"
   text	   data	    bss	    dec	    hex	filename
  17392	     16	 155744	 173152	  2a460	ADalwadi_FinalProject.elf
Finished building: default.size.stdout
 
Finished building: ADalwadi_FinalProject.list
 
17:26:13 **** Incremental Build of configuration Debug for project ADalwadi_FinalProject ****
make -j20 all 
arm-none-eabi-size  ADalwadi_FinalProject.elf 
   text	   data	    bss	    dec	    hex	filename
  17392	     16	 155744	 173152	  2a460	ADalwadi_FinalProject.elf
Finished building: default.size.stdout
 
17:26:40 **** Incremental Build of configuration Debug for project ADalwadi_FinalProject ****
make -j20 all 
arm-none-eabi-gcc "../Core/Src/ApplicationCode.c" -mcpu=cortex-m4 -std=gnu11 -g3 -DDEBUG -DUSE_HAL_DRIVER -DSTM32F429xx -c -I../Core/Inc -I../Drivers/STM32F4xx_HAL_Driver/Inc -I../Drivers/STM32F4xx_HAL_Driver/Inc/Legacy -I../Drivers/CMSIS/Device/ST/STM32F4xx/Include -I../Drivers/CMSIS/Include -O0 -ffunction-sections -fdata-sections -Wall -fstack-usage -fcyclomatic-complexity -MMD -MP -MF"Core/Src/ApplicationCode.d" -MT"Core/Src/ApplicationCode.o" --specs=nano.specs -mfpu=fpv4-sp-d16 -mfloat-abi=hard -mthumb -o "Core/Src/ApplicationCode.o"
arm-none-eabi-gcc -o "ADalwadi_FinalProject.elf" @"objects.list"   -mcpu=cortex-m4 -T"C:\Users\Arjun\OneDrive - UCB-O365\AY 2024-2025\Fall 2024\ECEN 2370\ECEN2370-FinalProject\ADalwadi_FinalProject\STM32F429ZITX_FLASH.ld" --specs=nosys.specs -Wl,-Map="ADalwadi_FinalProject.map" -Wl,--gc-sections -static --specs=nano.specs -mfpu=fpv4-sp-d16 -mfloat-abi=hard -mthumb -Wl,--start-group -lc -lm -Wl,--end-group
Finished building target: ADalwadi_FinalProject.elf
 
arm-none-eabi-size  ADalwadi_FinalProject.elf 
arm-none-eabi-objdump -h -S ADalwadi_FinalProject.elf  > "ADalwadi_FinalProject.list"
   text	   data	    bss	    dec	    hex	filename
  17400	     16	 155744	 173160	  2a468	ADalwadi_FinalProject.elf
Finished building: default.size.stdout
 
Finished building: ADalwadi_FinalProject.list
 
17:27:49 **** Incremental Build of configuration Debug for project ADalwadi_FinalProject ****
make -j20 all 
arm-none-eabi-gcc "../Core/Src/Tetris_Logic.c" -mcpu=cortex-m4 -std=gnu11 -g3 -DDEBUG -DUSE_HAL_DRIVER -DSTM32F429xx -c -I../Core/Inc -I../Drivers/STM32F4xx_HAL_Driver/Inc -I../Drivers/STM32F4xx_HAL_Driver/Inc/Legacy -I../Drivers/CMSIS/Device/ST/STM32F4xx/Include -I../Drivers/CMSIS/Include -O0 -ffunction-sections -fdata-sections -Wall -fstack-usage -fcyclomatic-complexity -MMD -MP -MF"Core/Src/Tetris_Logic.d" -MT"Core/Src/Tetris_Logic.o" --specs=nano.specs -mfpu=fpv4-sp-d16 -mfloat-abi=hard -mthumb -o "Core/Src/Tetris_Logic.o"
arm-none-eabi-gcc -o "ADalwadi_FinalProject.elf" @"objects.list"   -mcpu=cortex-m4 -T"C:\Users\Arjun\OneDrive - UCB-O365\AY 2024-2025\Fall 2024\ECEN 2370\ECEN2370-FinalProject\ADalwadi_FinalProject\STM32F429ZITX_FLASH.ld" --specs=nosys.specs -Wl,-Map="ADalwadi_FinalProject.map" -Wl,--gc-sections -static --specs=nano.specs -mfpu=fpv4-sp-d16 -mfloat-abi=hard -mthumb -Wl,--start-group -lc -lm -Wl,--end-group
Finished building target: ADalwadi_FinalProject.elf
 
arm-none-eabi-size  ADalwadi_FinalProject.elf 
arm-none-eabi-objdump -h -S ADalwadi_FinalProject.elf  > "ADalwadi_FinalProject.list"
   text	   data	    bss	    dec	    hex	filename
  17404	     16	 155744	 173164	  2a46c	ADalwadi_FinalProject.elf
Finished building: default.size.stdout
 
Finished building: ADalwadi_FinalProject.list
 
17:28:51 **** Incremental Build of configuration Debug for project ADalwadi_FinalProject ****
make -j20 all 
arm-none-eabi-gcc "../Core/Src/ApplicationCode.c" -mcpu=cortex-m4 -std=gnu11 -g3 -DDEBUG -DUSE_HAL_DRIVER -DSTM32F429xx -c -I../Core/Inc -I../Drivers/STM32F4xx_HAL_Driver/Inc -I../Drivers/STM32F4xx_HAL_Driver/Inc/Legacy -I../Drivers/CMSIS/Device/ST/STM32F4xx/Include -I../Drivers/CMSIS/Include -O0 -ffunction-sections -fdata-sections -Wall -fstack-usage -fcyclomatic-complexity -MMD -MP -MF"Core/Src/ApplicationCode.d" -MT"Core/Src/ApplicationCode.o" --specs=nano.specs -mfpu=fpv4-sp-d16 -mfloat-abi=hard -mthumb -o "Core/Src/ApplicationCode.o"
arm-none-eabi-gcc "../Core/Src/Tetris_Logic.c" -mcpu=cortex-m4 -std=gnu11 -g3 -DDEBUG -DUSE_HAL_DRIVER -DSTM32F429xx -c -I../Core/Inc -I../Drivers/STM32F4xx_HAL_Driver/Inc -I../Drivers/STM32F4xx_HAL_Driver/Inc/Legacy -I../Drivers/CMSIS/Device/ST/STM32F4xx/Include -I../Drivers/CMSIS/Include -O0 -ffunction-sections -fdata-sections -Wall -fstack-usage -fcyclomatic-complexity -MMD -MP -MF"Core/Src/Tetris_Logic.d" -MT"Core/Src/Tetris_Logic.o" --specs=nano.specs -mfpu=fpv4-sp-d16 -mfloat-abi=hard -mthumb -o "Core/Src/Tetris_Logic.o"
arm-none-eabi-gcc -o "ADalwadi_FinalProject.elf" @"objects.list"   -mcpu=cortex-m4 -T"C:\Users\Arjun\OneDrive - UCB-O365\AY 2024-2025\Fall 2024\ECEN 2370\ECEN2370-FinalProject\ADalwadi_FinalProject\STM32F429ZITX_FLASH.ld" --specs=nosys.specs -Wl,-Map="ADalwadi_FinalProject.map" -Wl,--gc-sections -static --specs=nano.specs -mfpu=fpv4-sp-d16 -mfloat-abi=hard -mthumb -Wl,--start-group -lc -lm -Wl,--end-group
Finished building target: ADalwadi_FinalProject.elf
 
arm-none-eabi-size  ADalwadi_FinalProject.elf 
arm-none-eabi-objdump -h -S ADalwadi_FinalProject.elf  > "ADalwadi_FinalProject.list"
   text	   data	    bss	    dec	    hex	filename
  17400	     16	 155744	 173160	  2a468	ADalwadi_FinalProject.elf
Finished building: default.size.stdout
 
Finished building: ADalwadi_FinalProject.list
 
17:29:25 **** Incremental Build of configuration Debug for project ADalwadi_FinalProject ****
make -j20 all 
arm-none-eabi-gcc "../Core/Src/ApplicationCode.c" -mcpu=cortex-m4 -std=gnu11 -g3 -DDEBUG -DUSE_HAL_DRIVER -DSTM32F429xx -c -I../Core/Inc -I../Drivers/STM32F4xx_HAL_Driver/Inc -I../Drivers/STM32F4xx_HAL_Driver/Inc/Legacy -I../Drivers/CMSIS/Device/ST/STM32F4xx/Include -I../Drivers/CMSIS/Include -O0 -ffunction-sections -fdata-sections -Wall -fstack-usage -fcyclomatic-complexity -MMD -MP -MF"Core/Src/ApplicationCode.d" -MT"Core/Src/ApplicationCode.o" --specs=nano.specs -mfpu=fpv4-sp-d16 -mfloat-abi=hard -mthumb -o "Core/Src/ApplicationCode.o"
arm-none-eabi-gcc -o "ADalwadi_FinalProject.elf" @"objects.list"   -mcpu=cortex-m4 -T"C:\Users\Arjun\OneDrive - UCB-O365\AY 2024-2025\Fall 2024\ECEN 2370\ECEN2370-FinalProject\ADalwadi_FinalProject\STM32F429ZITX_FLASH.ld" --specs=nosys.specs -Wl,-Map="ADalwadi_FinalProject.map" -Wl,--gc-sections -static --specs=nano.specs -mfpu=fpv4-sp-d16 -mfloat-abi=hard -mthumb -Wl,--start-group -lc -lm -Wl,--end-group
Finished building target: ADalwadi_FinalProject.elf
 
arm-none-eabi-size  ADalwadi_FinalProject.elf 
arm-none-eabi-objdump -h -S ADalwadi_FinalProject.elf  > "ADalwadi_FinalProject.list"
   text	   data	    bss	    dec	    hex	filename
  17404	     16	 155744	 173164	  2a46c	ADalwadi_FinalProject.elf
Finished building: default.size.stdout
 
Finished building: ADalwadi_FinalProject.list
 
17:30:18 **** Incremental Build of configuration Debug for project ADalwadi_FinalProject ****
make -j20 all 
arm-none-eabi-gcc "../Core/Src/Tetris_Logic.c" -mcpu=cortex-m4 -std=gnu11 -g3 -DDEBUG -DUSE_HAL_DRIVER -DSTM32F429xx -c -I../Core/Inc -I../Drivers/STM32F4xx_HAL_Driver/Inc -I../Drivers/STM32F4xx_HAL_Driver/Inc/Legacy -I../Drivers/CMSIS/Device/ST/STM32F4xx/Include -I../Drivers/CMSIS/Include -O0 -ffunction-sections -fdata-sections -Wall -fstack-usage -fcyclomatic-complexity -MMD -MP -MF"Core/Src/Tetris_Logic.d" -MT"Core/Src/Tetris_Logic.o" --specs=nano.specs -mfpu=fpv4-sp-d16 -mfloat-abi=hard -mthumb -o "Core/Src/Tetris_Logic.o"
arm-none-eabi-gcc -o "ADalwadi_FinalProject.elf" @"objects.list"   -mcpu=cortex-m4 -T"C:\Users\Arjun\OneDrive - UCB-O365\AY 2024-2025\Fall 2024\ECEN 2370\ECEN2370-FinalProject\ADalwadi_FinalProject\STM32F429ZITX_FLASH.ld" --specs=nosys.specs -Wl,-Map="ADalwadi_FinalProject.map" -Wl,--gc-sections -static --specs=nano.specs -mfpu=fpv4-sp-d16 -mfloat-abi=hard -mthumb -Wl,--start-group -lc -lm -Wl,--end-group
Finished building target: ADalwadi_FinalProject.elf
 
arm-none-eabi-size  ADalwadi_FinalProject.elf 
arm-none-eabi-objdump -h -S ADalwadi_FinalProject.elf  > "ADalwadi_FinalProject.list"
   text	   data	    bss	    dec	    hex	filename
  17404	     16	 155744	 173164	  2a46c	ADalwadi_FinalProject.elf
Finished building: default.size.stdout
 
Finished building: ADalwadi_FinalProject.list
 
17:30:44 **** Incremental Build of configuration Debug for project ADalwadi_FinalProject ****
make -j20 all 
arm-none-eabi-gcc "../Core/Src/Tetris_Logic.c" -mcpu=cortex-m4 -std=gnu11 -g3 -DDEBUG -DUSE_HAL_DRIVER -DSTM32F429xx -c -I../Core/Inc -I../Drivers/STM32F4xx_HAL_Driver/Inc -I../Drivers/STM32F4xx_HAL_Driver/Inc/Legacy -I../Drivers/CMSIS/Device/ST/STM32F4xx/Include -I../Drivers/CMSIS/Include -O0 -ffunction-sections -fdata-sections -Wall -fstack-usage -fcyclomatic-complexity -MMD -MP -MF"Core/Src/Tetris_Logic.d" -MT"Core/Src/Tetris_Logic.o" --specs=nano.specs -mfpu=fpv4-sp-d16 -mfloat-abi=hard -mthumb -o "Core/Src/Tetris_Logic.o"
arm-none-eabi-gcc -o "ADalwadi_FinalProject.elf" @"objects.list"   -mcpu=cortex-m4 -T"C:\Users\Arjun\OneDrive - UCB-O365\AY 2024-2025\Fall 2024\ECEN 2370\ECEN2370-FinalProject\ADalwadi_FinalProject\STM32F429ZITX_FLASH.ld" --specs=nosys.specs -Wl,-Map="ADalwadi_FinalProject.map" -Wl,--gc-sections -static --specs=nano.specs -mfpu=fpv4-sp-d16 -mfloat-abi=hard -mthumb -Wl,--start-group -lc -lm -Wl,--end-group
Finished building target: ADalwadi_FinalProject.elf
 
arm-none-eabi-size  ADalwadi_FinalProject.elf 
arm-none-eabi-objdump -h -S ADalwadi_FinalProject.elf  > "ADalwadi_FinalProject.list"
   text	   data	    bss	    dec	    hex	filename
  17404	     16	 155744	 173164	  2a46c	ADalwadi_FinalProject.elf
Finished building: default.size.stdout
 
Finished building: ADalwadi_FinalProject.list
 
17:31:24 **** Incremental Build of configuration Debug for project ADalwadi_FinalProject ****
make -j20 all 
arm-none-eabi-gcc "../Core/Src/Tetris_Logic.c" -mcpu=cortex-m4 -std=gnu11 -g3 -DDEBUG -DUSE_HAL_DRIVER -DSTM32F429xx -c -I../Core/Inc -I../Drivers/STM32F4xx_HAL_Driver/Inc -I../Drivers/STM32F4xx_HAL_Driver/Inc/Legacy -I../Drivers/CMSIS/Device/ST/STM32F4xx/Include -I../Drivers/CMSIS/Include -O0 -ffunction-sections -fdata-sections -Wall -fstack-usage -fcyclomatic-complexity -MMD -MP -MF"Core/Src/Tetris_Logic.d" -MT"Core/Src/Tetris_Logic.o" --specs=nano.specs -mfpu=fpv4-sp-d16 -mfloat-abi=hard -mthumb -o "Core/Src/Tetris_Logic.o"
arm-none-eabi-gcc -o "ADalwadi_FinalProject.elf" @"objects.list"   -mcpu=cortex-m4 -T"C:\Users\Arjun\OneDrive - UCB-O365\AY 2024-2025\Fall 2024\ECEN 2370\ECEN2370-FinalProject\ADalwadi_FinalProject\STM32F429ZITX_FLASH.ld" --specs=nosys.specs -Wl,-Map="ADalwadi_FinalProject.map" -Wl,--gc-sections -static --specs=nano.specs -mfpu=fpv4-sp-d16 -mfloat-abi=hard -mthumb -Wl,--start-group -lc -lm -Wl,--end-group
Finished building target: ADalwadi_FinalProject.elf
 
arm-none-eabi-size  ADalwadi_FinalProject.elf 
arm-none-eabi-objdump -h -S ADalwadi_FinalProject.elf  > "ADalwadi_FinalProject.list"
   text	   data	    bss	    dec	    hex	filename
  17408	     16	 155744	 173168	  2a470	ADalwadi_FinalProject.elf
Finished building: default.size.stdout
 
Finished building: ADalwadi_FinalProject.list
 
17:32:14 **** Incremental Build of configuration Debug for project ADalwadi_FinalProject ****
make -j20 all 
arm-none-eabi-gcc "../Core/Src/ApplicationCode.c" -mcpu=cortex-m4 -std=gnu11 -g3 -DDEBUG -DUSE_HAL_DRIVER -DSTM32F429xx -c -I../Core/Inc -I../Drivers/STM32F4xx_HAL_Driver/Inc -I../Drivers/STM32F4xx_HAL_Driver/Inc/Legacy -I../Drivers/CMSIS/Device/ST/STM32F4xx/Include -I../Drivers/CMSIS/Include -O0 -ffunction-sections -fdata-sections -Wall -fstack-usage -fcyclomatic-complexity -MMD -MP -MF"Core/Src/ApplicationCode.d" -MT"Core/Src/ApplicationCode.o" --specs=nano.specs -mfpu=fpv4-sp-d16 -mfloat-abi=hard -mthumb -o "Core/Src/ApplicationCode.o"
arm-none-eabi-gcc "../Core/Src/Tetris_Logic.c" -mcpu=cortex-m4 -std=gnu11 -g3 -DDEBUG -DUSE_HAL_DRIVER -DSTM32F429xx -c -I../Core/Inc -I../Drivers/STM32F4xx_HAL_Driver/Inc -I../Drivers/STM32F4xx_HAL_Driver/Inc/Legacy -I../Drivers/CMSIS/Device/ST/STM32F4xx/Include -I../Drivers/CMSIS/Include -O0 -ffunction-sections -fdata-sections -Wall -fstack-usage -fcyclomatic-complexity -MMD -MP -MF"Core/Src/Tetris_Logic.d" -MT"Core/Src/Tetris_Logic.o" --specs=nano.specs -mfpu=fpv4-sp-d16 -mfloat-abi=hard -mthumb -o "Core/Src/Tetris_Logic.o"
arm-none-eabi-gcc -o "ADalwadi_FinalProject.elf" @"objects.list"   -mcpu=cortex-m4 -T"C:\Users\Arjun\OneDrive - UCB-O365\AY 2024-2025\Fall 2024\ECEN 2370\ECEN2370-FinalProject\ADalwadi_FinalProject\STM32F429ZITX_FLASH.ld" --specs=nosys.specs -Wl,-Map="ADalwadi_FinalProject.map" -Wl,--gc-sections -static --specs=nano.specs -mfpu=fpv4-sp-d16 -mfloat-abi=hard -mthumb -Wl,--start-group -lc -lm -Wl,--end-group
Finished building target: ADalwadi_FinalProject.elf
 
arm-none-eabi-size  ADalwadi_FinalProject.elf 
arm-none-eabi-objdump -h -S ADalwadi_FinalProject.elf  > "ADalwadi_FinalProject.list"
   text	   data	    bss	    dec	    hex	filename
  17408	     16	 155744	 173168	  2a470	ADalwadi_FinalProject.elf
Finished building: default.size.stdout
 
Finished building: ADalwadi_FinalProject.list
 
17:32:55 **** Incremental Build of configuration Debug for project ADalwadi_FinalProject ****
make -j20 all 
arm-none-eabi-gcc "../Core/Src/ApplicationCode.c" -mcpu=cortex-m4 -std=gnu11 -g3 -DDEBUG -DUSE_HAL_DRIVER -DSTM32F429xx -c -I../Core/Inc -I../Drivers/STM32F4xx_HAL_Driver/Inc -I../Drivers/STM32F4xx_HAL_Driver/Inc/Legacy -I../Drivers/CMSIS/Device/ST/STM32F4xx/Include -I../Drivers/CMSIS/Include -O0 -ffunction-sections -fdata-sections -Wall -fstack-usage -fcyclomatic-complexity -MMD -MP -MF"Core/Src/ApplicationCode.d" -MT"Core/Src/ApplicationCode.o" --specs=nano.specs -mfpu=fpv4-sp-d16 -mfloat-abi=hard -mthumb -o "Core/Src/ApplicationCode.o"
arm-none-eabi-gcc "../Core/Src/Tetris_Logic.c" -mcpu=cortex-m4 -std=gnu11 -g3 -DDEBUG -DUSE_HAL_DRIVER -DSTM32F429xx -c -I../Core/Inc -I../Drivers/STM32F4xx_HAL_Driver/Inc -I../Drivers/STM32F4xx_HAL_Driver/Inc/Legacy -I../Drivers/CMSIS/Device/ST/STM32F4xx/Include -I../Drivers/CMSIS/Include -O0 -ffunction-sections -fdata-sections -Wall -fstack-usage -fcyclomatic-complexity -MMD -MP -MF"Core/Src/Tetris_Logic.d" -MT"Core/Src/Tetris_Logic.o" --specs=nano.specs -mfpu=fpv4-sp-d16 -mfloat-abi=hard -mthumb -o "Core/Src/Tetris_Logic.o"
arm-none-eabi-gcc -o "ADalwadi_FinalProject.elf" @"objects.list"   -mcpu=cortex-m4 -T"C:\Users\Arjun\OneDrive - UCB-O365\AY 2024-2025\Fall 2024\ECEN 2370\ECEN2370-FinalProject\ADalwadi_FinalProject\STM32F429ZITX_FLASH.ld" --specs=nosys.specs -Wl,-Map="ADalwadi_FinalProject.map" -Wl,--gc-sections -static --specs=nano.specs -mfpu=fpv4-sp-d16 -mfloat-abi=hard -mthumb -Wl,--start-group -lc -lm -Wl,--end-group
Finished building target: ADalwadi_FinalProject.elf
 
arm-none-eabi-size  ADalwadi_FinalProject.elf 
arm-none-eabi-objdump -h -S ADalwadi_FinalProject.elf  > "ADalwadi_FinalProject.list"
   text	   data	    bss	    dec	    hex	filename
  17404	     16	 155744	 173164	  2a46c	ADalwadi_FinalProject.elf
Finished building: default.size.stdout
 
Finished building: ADalwadi_FinalProject.list
 
17:34:11 **** Incremental Build of configuration Debug for project ADalwadi_FinalProject ****
make -j20 all 
arm-none-eabi-gcc "../Core/Src/ApplicationCode.c" -mcpu=cortex-m4 -std=gnu11 -g3 -DDEBUG -DUSE_HAL_DRIVER -DSTM32F429xx -c -I../Core/Inc -I../Drivers/STM32F4xx_HAL_Driver/Inc -I../Drivers/STM32F4xx_HAL_Driver/Inc/Legacy -I../Drivers/CMSIS/Device/ST/STM32F4xx/Include -I../Drivers/CMSIS/Include -O0 -ffunction-sections -fdata-sections -Wall -fstack-usage -fcyclomatic-complexity -MMD -MP -MF"Core/Src/ApplicationCode.d" -MT"Core/Src/ApplicationCode.o" --specs=nano.specs -mfpu=fpv4-sp-d16 -mfloat-abi=hard -mthumb -o "Core/Src/ApplicationCode.o"
arm-none-eabi-gcc -o "ADalwadi_FinalProject.elf" @"objects.list"   -mcpu=cortex-m4 -T"C:\Users\Arjun\OneDrive - UCB-O365\AY 2024-2025\Fall 2024\ECEN 2370\ECEN2370-FinalProject\ADalwadi_FinalProject\STM32F429ZITX_FLASH.ld" --specs=nosys.specs -Wl,-Map="ADalwadi_FinalProject.map" -Wl,--gc-sections -static --specs=nano.specs -mfpu=fpv4-sp-d16 -mfloat-abi=hard -mthumb -Wl,--start-group -lc -lm -Wl,--end-group
Finished building target: ADalwadi_FinalProject.elf
 
arm-none-eabi-size  ADalwadi_FinalProject.elf 
arm-none-eabi-objdump -h -S ADalwadi_FinalProject.elf  > "ADalwadi_FinalProject.list"
   text	   data	    bss	    dec	    hex	filename
  17412	     16	 155744	 173172	  2a474	ADalwadi_FinalProject.elf
Finished building: default.size.stdout
 
Finished building: ADalwadi_FinalProject.list
 
17:34:49 **** Incremental Build of configuration Debug for project ADalwadi_FinalProject ****
make -j20 all 
arm-none-eabi-gcc "../Core/Src/ApplicationCode.c" -mcpu=cortex-m4 -std=gnu11 -g3 -DDEBUG -DUSE_HAL_DRIVER -DSTM32F429xx -c -I../Core/Inc -I../Drivers/STM32F4xx_HAL_Driver/Inc -I../Drivers/STM32F4xx_HAL_Driver/Inc/Legacy -I../Drivers/CMSIS/Device/ST/STM32F4xx/Include -I../Drivers/CMSIS/Include -O0 -ffunction-sections -fdata-sections -Wall -fstack-usage -fcyclomatic-complexity -MMD -MP -MF"Core/Src/ApplicationCode.d" -MT"Core/Src/ApplicationCode.o" --specs=nano.specs -mfpu=fpv4-sp-d16 -mfloat-abi=hard -mthumb -o "Core/Src/ApplicationCode.o"
arm-none-eabi-gcc -o "ADalwadi_FinalProject.elf" @"objects.list"   -mcpu=cortex-m4 -T"C:\Users\Arjun\OneDrive - UCB-O365\AY 2024-2025\Fall 2024\ECEN 2370\ECEN2370-FinalProject\ADalwadi_FinalProject\STM32F429ZITX_FLASH.ld" --specs=nosys.specs -Wl,-Map="ADalwadi_FinalProject.map" -Wl,--gc-sections -static --specs=nano.specs -mfpu=fpv4-sp-d16 -mfloat-abi=hard -mthumb -Wl,--start-group -lc -lm -Wl,--end-group
Finished building target: ADalwadi_FinalProject.elf
 
arm-none-eabi-size  ADalwadi_FinalProject.elf 
arm-none-eabi-objdump -h -S ADalwadi_FinalProject.elf  > "ADalwadi_FinalProject.list"
   text	   data	    bss	    dec	    hex	filename
  28716	     36	 155748	 184500	  2d0b4	ADalwadi_FinalProject.elf
Finished building: default.size.stdout
 
Finished building: ADalwadi_FinalProject.list
 
